Flutter crash report.
Please report a bug at https://github.com/flutter/flutter/issues.

## command

flutter run --machine --start-paused -d chrome --devtools-server-address http://127.0.0.1:9100/ --target /Users/jonatasborges/newgetx/getx/example_nav2/lib/main.dart

## exception

HttpException: HttpException: Connection closed before full header was received, uri = http://localhost:62881/json

```
```

## flutter doctor

```
[✓] Flutter (Channel stable, 3.24.0, on macOS 14.5 23F79 darwin-arm64, locale en-BR)
    • Flutter version 3.24.0 on channel stable at /Users/jonatasborges/flutter
    • Upstream repository https://github.com/flutter/flutter.git
    • Framework revision 80c2e84975 (2 weeks ago), 2024-07-30 23:06:49 +0700
    • Engine revision b8800d88be
    • Dart version 3.5.0
    • DevTools version 2.37.2

[✓] Android toolchain - develop for Android devices (Android SDK version 34.0.0-rc3)
    • Android SDK at /Users/jonatasborges/Library/Android/sdk
    • Platform android-34, build-tools 34.0.0-rc3
    • Java binary at: /Applications/Android Studio.app/Contents/jbr/Contents/Home/bin/java
    • Java version OpenJDK Runtime Environment (build 17.0.11+0-17.0.11b1207.24-11852314)
    • All Android licenses accepted.

[✓] Xcode - develop for iOS and macOS (Xcode 15.4)
    • Xcode at /Applications/Xcode.app/Contents/Developer
    • Build 15F31d
    • CocoaPods version 1.15.2

[✓] Chrome - develop for the web
    • Chrome at /Applications/Google Chrome.app/Contents/MacOS/Google Chrome

[✓] Android Studio (version 2024.1)
    • Android Studio at /Applications/Android Studio.app/Contents
    • Flutter plugin can be installed from:
      🔨 https://plugins.jetbrains.com/plugin/9212-flutter
    • Dart plugin can be installed from:
      🔨 https://plugins.jetbrains.com/plugin/6351-dart
    • Java version OpenJDK Runtime Environment (build 17.0.11+0-17.0.11b1207.24-11852314)

[✓] VS Code (version 1.92.1)
    • VS Code at /Applications/Visual Studio Code.app/Contents
    • Flutter extension version 3.94.0

[✓] VS Code (version 1.83.0-insider)
    • VS Code at /Applications/Visual Studio Code - Insiders.app/Contents
    • Flutter extension can be installed from:
      🔨 https://marketplace.visualstudio.com/items?itemName=Dart-Code.flutter

[✓] Connected device (4 available)
    • sdk gphone64 arm64 (mobile)     • emulator-5554         • android-arm64  • Android 13 (API 33) (emulator)
    • macOS (desktop)                 • macos                 • darwin-arm64   • macOS 14.5 23F79 darwin-arm64
    • Mac Designed for iPad (desktop) • mac-designed-for-ipad • darwin         • macOS 14.5 23F79 darwin-arm64
    • Chrome (web)                    • chrome                • web-javascript • Google Chrome 127.0.6533.120
    ! Error: Browsing on the local area network for iPhone de Jonatas (3). Ensure the device is unlocked and attached with a cable or associated with the same local area network as this Mac.
      The device must be opted into Developer Mode to connect wirelessly. (code -27)

[✓] Network resources
    • All expected network resources are available.

• No issues found!
```
